<?xml version="1.0" encoding="UTF-8"?>
<testng-results ignored="0" total="51" passed="51" failed="0" skipped="0">
  <reporter-output>
  </reporter-output>
  <suite started-at="2020-03-21T23:02:49Z" name="All Test Suite" finished-at="2020-03-21T23:02:49Z" duration-ms="0">
    <groups>
    </groups>
  </suite> <!-- All Test Suite -->
  <suite started-at="2020-03-21T23:02:49Z" name="All Test Suite (0)" finished-at="2020-03-21T23:02:49Z" duration-ms="255">
    <groups>
    </groups>
    <test started-at="2020-03-21T23:02:49Z" name="D:/IdeaWorkspace/TestNGDemo/test/homework/ch11_13/PersonTest.java" finished-at="2020-03-21T23:02:49Z" duration-ms="50">
      <class name="homework.ch11_13.PersonTest">
        <test-method signature="testGetName()[pri:0, instance:homework.ch11_13.PersonTest@45820e51]" started-at="2020-03-21T23:02:49Z" name="testGetName" finished-at="2020-03-21T23:02:49Z" duration-ms="7" status="PASS">
          <reporter-output>
          </reporter-output>
        </test-method> <!-- testGetName -->
        <test-method signature="testSetName()[pri:0, instance:homework.ch11_13.PersonTest@45820e51]" started-at="2020-03-21T23:02:49Z" name="testSetName" finished-at="2020-03-21T23:02:49Z" duration-ms="0" status="PASS">
          <reporter-output>
          </reporter-output>
        </test-method> <!-- testSetName -->
        <test-method signature="testSetAge()[pri:0, instance:homework.ch11_13.PersonTest@45820e51]" started-at="2020-03-21T23:02:49Z" name="testSetAge" finished-at="2020-03-21T23:02:49Z" duration-ms="0" status="PASS">
          <reporter-output>
          </reporter-output>
        </test-method> <!-- testSetAge -->
        <test-method signature="testGetAge()[pri:0, instance:homework.ch11_13.PersonTest@45820e51]" started-at="2020-03-21T23:02:49Z" name="testGetAge" finished-at="2020-03-21T23:02:49Z" duration-ms="0" status="PASS">
          <reporter-output>
          </reporter-output>
        </test-method> <!-- testGetAge -->
        <test-method signature="testTestToString()[pri:0, instance:homework.ch11_13.PersonTest@45820e51]" started-at="2020-03-21T23:02:49Z" name="testTestToString" finished-at="2020-03-21T23:02:49Z" duration-ms="7" status="PASS">
          <reporter-output>
          </reporter-output>
        </test-method> <!-- testTestToString -->
        <test-method signature="testTestClone()[pri:0, instance:homework.ch11_13.PersonTest@45820e51]" started-at="2020-03-21T23:02:49Z" name="testTestClone" finished-at="2020-03-21T23:02:49Z" duration-ms="1" status="PASS">
          <reporter-output>
          </reporter-output>
        </test-method> <!-- testTestClone -->
        <test-method signature="testTestEquals()[pri:0, instance:homework.ch11_13.PersonTest@45820e51]" started-at="2020-03-21T23:02:49Z" name="testTestEquals" finished-at="2020-03-21T23:02:49Z" duration-ms="0" status="PASS">
          <reporter-output>
          </reporter-output>
        </test-method> <!-- testTestEquals -->
      </class> <!-- homework.ch11_13.PersonTest -->
    </test> <!-- D:/IdeaWorkspace/TestNGDemo/test/homework/ch11_13/PersonTest.java -->
    <test started-at="2020-03-21T23:02:49Z" name="D:/IdeaWorkspace/TestNGDemo/test/homework/ch11_13/StudentTest.java" finished-at="2020-03-21T23:02:49Z" duration-ms="31">
      <class name="homework.ch11_13.StudentTest">
        <test-method signature="testGetStudentId(homework.ch11_13.p3.Student, int)[pri:0, instance:homework.ch11_13.StudentTest@3ecd23d9]" started-at="2020-03-21T23:02:49Z" name="testGetStudentId" data-provider="studentDataProvider" finished-at="2020-03-21T23:02:49Z" duration-ms="1" status="PASS">
          <params>
            <param index="0">
              <value>
                <![CDATA[name: aaa, age: 20, studentId: 20170101, department: CS, classNo: CS1704]]>
              </value>
            </param>
            <param index="1">
              <value>
                <![CDATA[20170101]]>
              </value>
            </param>
          </params>
          <reporter-output>
          </reporter-output>
        </test-method> <!-- testGetStudentId -->
        <test-method signature="testSetStudentId(homework.ch11_13.p3.Student, int)[pri:0, instance:homework.ch11_13.StudentTest@3ecd23d9]" started-at="2020-03-21T23:02:49Z" name="testSetStudentId" data-provider="studentDataProvider" finished-at="2020-03-21T23:02:49Z" duration-ms="0" status="PASS">
          <params>
            <param index="0">
              <value>
                <![CDATA[name: null, age: 0, studentId: 20170102, department: null, classNo: null]]>
              </value>
            </param>
            <param index="1">
              <value>
                <![CDATA[20170102]]>
              </value>
            </param>
          </params>
          <reporter-output>
          </reporter-output>
        </test-method> <!-- testSetStudentId -->
        <test-method signature="testSetDepartment(homework.ch11_13.p3.Student, java.lang.String)[pri:0, instance:homework.ch11_13.StudentTest@3ecd23d9]" started-at="2020-03-21T23:02:49Z" name="testSetDepartment" data-provider="studentDataProvider" finished-at="2020-03-21T23:02:49Z" duration-ms="0" status="PASS">
          <params>
            <param index="0">
              <value>
                <![CDATA[name: null, age: 0, studentId: 0, department: EE, classNo: null]]>
              </value>
            </param>
            <param index="1">
              <value>
                <![CDATA[EE]]>
              </value>
            </param>
          </params>
          <reporter-output>
          </reporter-output>
        </test-method> <!-- testSetDepartment -->
        <test-method signature="testGetDepartment(homework.ch11_13.p3.Student, java.lang.String)[pri:0, instance:homework.ch11_13.StudentTest@3ecd23d9]" started-at="2020-03-21T23:02:49Z" name="testGetDepartment" data-provider="studentDataProvider" finished-at="2020-03-21T23:02:49Z" duration-ms="0" status="PASS">
          <params>
            <param index="0">
              <value>
                <![CDATA[name: aaa, age: 20, studentId: 20170101, department: CS, classNo: CS1704]]>
              </value>
            </param>
            <param index="1">
              <value>
                <![CDATA[CS]]>
              </value>
            </param>
          </params>
          <reporter-output>
          </reporter-output>
        </test-method> <!-- testGetDepartment -->
        <test-method signature="testTestToString(homework.ch11_13.p3.Student, [Ljava.lang.Object;)[pri:0, instance:homework.ch11_13.StudentTest@3ecd23d9]" started-at="2020-03-21T23:02:49Z" name="testTestToString" data-provider="studentDataProvider" finished-at="2020-03-21T23:02:49Z" duration-ms="9" status="PASS">
          <params>
            <param index="0">
              <value>
                <![CDATA[name: aaa, age: 20, studentId: 20170101, department: CS, classNo: CS1704]]>
              </value>
            </param>
            <param index="1">
              <value>
                <![CDATA[[Ljava.lang.Object;@5b0abc94]]>
              </value>
            </param>
          </params>
          <reporter-output>
          </reporter-output>
        </test-method> <!-- testTestToString -->
        <test-method signature="testGetClassNo(homework.ch11_13.p3.Student, java.lang.String)[pri:0, instance:homework.ch11_13.StudentTest@3ecd23d9]" started-at="2020-03-21T23:02:49Z" name="testGetClassNo" data-provider="studentDataProvider" finished-at="2020-03-21T23:02:49Z" duration-ms="0" status="PASS">
          <params>
            <param index="0">
              <value>
                <![CDATA[name: aaa, age: 20, studentId: 20170101, department: CS, classNo: CS1704]]>
              </value>
            </param>
            <param index="1">
              <value>
                <![CDATA[CS1704]]>
              </value>
            </param>
          </params>
          <reporter-output>
          </reporter-output>
        </test-method> <!-- testGetClassNo -->
        <test-method signature="testSetClassNo(homework.ch11_13.p3.Student, java.lang.String)[pri:0, instance:homework.ch11_13.StudentTest@3ecd23d9]" started-at="2020-03-21T23:02:49Z" name="testSetClassNo" data-provider="studentDataProvider" finished-at="2020-03-21T23:02:49Z" duration-ms="0" status="PASS">
          <params>
            <param index="0">
              <value>
                <![CDATA[name: null, age: 0, studentId: 0, department: null, classNo: CS1704]]>
              </value>
            </param>
            <param index="1">
              <value>
                <![CDATA[CS1704]]>
              </value>
            </param>
          </params>
          <reporter-output>
          </reporter-output>
        </test-method> <!-- testSetClassNo -->
        <test-method signature="testTestEquals([Lhomework.ch11_13.p3.Student;, boolean)[pri:0, instance:homework.ch11_13.StudentTest@3ecd23d9]" started-at="2020-03-21T23:02:49Z" name="testTestEquals" data-provider="studentDataProvider" finished-at="2020-03-21T23:02:49Z" duration-ms="0" status="PASS">
          <params>
            <param index="0">
              <value>
                <![CDATA[[Lhomework.ch11_13.p3.Student;@1b083826]]>
              </value>
            </param>
            <param index="1">
              <value>
                <![CDATA[false]]>
              </value>
            </param>
          </params>
          <reporter-output>
          </reporter-output>
        </test-method> <!-- testTestEquals -->
        <test-method signature="testTestEquals([Lhomework.ch11_13.p3.Student;, boolean)[pri:0, instance:homework.ch11_13.StudentTest@3ecd23d9]" started-at="2020-03-21T23:02:49Z" name="testTestEquals" data-provider="studentDataProvider" finished-at="2020-03-21T23:02:49Z" duration-ms="0" status="PASS">
          <params>
            <param index="0">
              <value>
                <![CDATA[[Lhomework.ch11_13.p3.Student;@40e6dfe1]]>
              </value>
            </param>
            <param index="1">
              <value>
                <![CDATA[true]]>
              </value>
            </param>
          </params>
          <reporter-output>
          </reporter-output>
        </test-method> <!-- testTestEquals -->
        <test-method signature="testTestEquals([Lhomework.ch11_13.p3.Student;, boolean)[pri:0, instance:homework.ch11_13.StudentTest@3ecd23d9]" started-at="2020-03-21T23:02:49Z" name="testTestEquals" data-provider="studentDataProvider" finished-at="2020-03-21T23:02:49Z" duration-ms="0" status="PASS">
          <params>
            <param index="0">
              <value>
                <![CDATA[[Lhomework.ch11_13.p3.Student;@482cd91f]]>
              </value>
            </param>
            <param index="1">
              <value>
                <![CDATA[false]]>
              </value>
            </param>
          </params>
          <reporter-output>
          </reporter-output>
        </test-method> <!-- testTestEquals -->
        <test-method signature="testTestEquals([Lhomework.ch11_13.p3.Student;, boolean)[pri:0, instance:homework.ch11_13.StudentTest@3ecd23d9]" started-at="2020-03-21T23:02:49Z" name="testTestEquals" data-provider="studentDataProvider" finished-at="2020-03-21T23:02:49Z" duration-ms="0" status="PASS">
          <params>
            <param index="0">
              <value>
                <![CDATA[[Lhomework.ch11_13.p3.Student;@105fece7]]>
              </value>
            </param>
            <param index="1">
              <value>
                <![CDATA[true]]>
              </value>
            </param>
          </params>
          <reporter-output>
          </reporter-output>
        </test-method> <!-- testTestEquals -->
        <test-method signature="testTestEquals([Lhomework.ch11_13.p3.Student;, boolean)[pri:0, instance:homework.ch11_13.StudentTest@3ecd23d9]" started-at="2020-03-21T23:02:49Z" name="testTestEquals" data-provider="studentDataProvider" finished-at="2020-03-21T23:02:49Z" duration-ms="0" status="PASS">
          <params>
            <param index="0">
              <value>
                <![CDATA[[Lhomework.ch11_13.p3.Student;@123f1134]]>
              </value>
            </param>
            <param index="1">
              <value>
                <![CDATA[false]]>
              </value>
            </param>
          </params>
          <reporter-output>
          </reporter-output>
        </test-method> <!-- testTestEquals -->
        <test-method signature="testTestEquals([Lhomework.ch11_13.p3.Student;, boolean)[pri:0, instance:homework.ch11_13.StudentTest@3ecd23d9]" started-at="2020-03-21T23:02:49Z" name="testTestEquals" data-provider="studentDataProvider" finished-at="2020-03-21T23:02:49Z" duration-ms="0" status="PASS">
          <params>
            <param index="0">
              <value>
                <![CDATA[[Lhomework.ch11_13.p3.Student;@3ec300f1]]>
              </value>
            </param>
            <param index="1">
              <value>
                <![CDATA[false]]>
              </value>
            </param>
          </params>
          <reporter-output>
          </reporter-output>
        </test-method> <!-- testTestEquals -->
        <test-method signature="testTestEquals([Lhomework.ch11_13.p3.Student;, boolean)[pri:0, instance:homework.ch11_13.StudentTest@3ecd23d9]" started-at="2020-03-21T23:02:49Z" name="testTestEquals" data-provider="studentDataProvider" finished-at="2020-03-21T23:02:49Z" duration-ms="1" status="PASS">
          <params>
            <param index="0">
              <value>
                <![CDATA[[Lhomework.ch11_13.p3.Student;@7d68ef40]]>
              </value>
            </param>
            <param index="1">
              <value>
                <![CDATA[false]]>
              </value>
            </param>
          </params>
          <reporter-output>
          </reporter-output>
        </test-method> <!-- testTestEquals -->
        <test-method signature="testTestClone(homework.ch11_13.p3.Student, java.lang.Object)[pri:0, instance:homework.ch11_13.StudentTest@3ecd23d9]" started-at="2020-03-21T23:02:49Z" name="testTestClone" data-provider="studentDataProvider" finished-at="2020-03-21T23:02:49Z" duration-ms="0" status="PASS">
          <params>
            <param index="0">
              <value>
                <![CDATA[name: aaa, age: 20, studentId: 20170101, department: CS, classNo: CS1704]]>
              </value>
            </param>
            <param index="1">
              <value is-null="true"/>
            </param>
          </params>
          <reporter-output>
          </reporter-output>
        </test-method> <!-- testTestClone -->
      </class> <!-- homework.ch11_13.StudentTest -->
    </test> <!-- D:/IdeaWorkspace/TestNGDemo/test/homework/ch11_13/StudentTest.java -->
    <test started-at="2020-03-21T23:02:49Z" name="D:/IdeaWorkspace/TestNGDemo/test/homework/ch11_13/FacultyTest.java" finished-at="2020-03-21T23:02:49Z" duration-ms="10">
      <class name="homework.ch11_13.FacultyTest">
        <test-method signature="testGetFacultyId(homework.ch11_13.p3.Faculty, int)[pri:0, instance:homework.ch11_13.FacultyTest@1d371b2d]" started-at="2020-03-21T23:02:49Z" name="testGetFacultyId" data-provider="facultyDataProvider" finished-at="2020-03-21T23:02:49Z" duration-ms="0" status="PASS">
          <params>
            <param index="0">
              <value>
                <![CDATA[name: aaa, age: 20, facultyId: 1998000111, title: Professor, email: abc@qq.com]]>
              </value>
            </param>
            <param index="1">
              <value>
                <![CDATA[1998000111]]>
              </value>
            </param>
          </params>
          <reporter-output>
          </reporter-output>
        </test-method> <!-- testGetFacultyId -->
        <test-method signature="testSetFacultyId(homework.ch11_13.p3.Faculty, int)[pri:0, instance:homework.ch11_13.FacultyTest@1d371b2d]" started-at="2020-03-21T23:02:49Z" name="testSetFacultyId" data-provider="facultyDataProvider" finished-at="2020-03-21T23:02:49Z" duration-ms="0" status="PASS">
          <params>
            <param index="0">
              <value>
                <![CDATA[name: null, age: 0, facultyId: 1998000112, title: null, email: null]]>
              </value>
            </param>
            <param index="1">
              <value>
                <![CDATA[1998000112]]>
              </value>
            </param>
          </params>
          <reporter-output>
          </reporter-output>
        </test-method> <!-- testSetFacultyId -->
        <test-method signature="testGetTitle(homework.ch11_13.p3.Faculty, java.lang.String)[pri:0, instance:homework.ch11_13.FacultyTest@1d371b2d]" started-at="2020-03-21T23:02:49Z" name="testGetTitle" data-provider="facultyDataProvider" finished-at="2020-03-21T23:02:49Z" duration-ms="0" status="PASS">
          <params>
            <param index="0">
              <value>
                <![CDATA[name: aaa, age: 20, facultyId: 1998000111, title: Professor, email: abc@qq.com]]>
              </value>
            </param>
            <param index="1">
              <value>
                <![CDATA[Professor]]>
              </value>
            </param>
          </params>
          <reporter-output>
          </reporter-output>
        </test-method> <!-- testGetTitle -->
        <test-method signature="testSetTitle(homework.ch11_13.p3.Faculty, java.lang.String)[pri:0, instance:homework.ch11_13.FacultyTest@1d371b2d]" started-at="2020-03-21T23:02:49Z" name="testSetTitle" data-provider="facultyDataProvider" finished-at="2020-03-21T23:02:49Z" duration-ms="0" status="PASS">
          <params>
            <param index="0">
              <value>
                <![CDATA[name: null, age: 0, facultyId: 0, title: Lecturer, email: null]]>
              </value>
            </param>
            <param index="1">
              <value>
                <![CDATA[Lecturer]]>
              </value>
            </param>
          </params>
          <reporter-output>
          </reporter-output>
        </test-method> <!-- testSetTitle -->
        <test-method signature="testSetEmail(homework.ch11_13.p3.Faculty, java.lang.String)[pri:0, instance:homework.ch11_13.FacultyTest@1d371b2d]" started-at="2020-03-21T23:02:49Z" name="testSetEmail" data-provider="facultyDataProvider" finished-at="2020-03-21T23:02:49Z" duration-ms="1" status="PASS">
          <params>
            <param index="0">
              <value>
                <![CDATA[name: null, age: 0, facultyId: 0, title: null, email: 123@qq.com]]>
              </value>
            </param>
            <param index="1">
              <value>
                <![CDATA[123@qq.com]]>
              </value>
            </param>
          </params>
          <reporter-output>
          </reporter-output>
        </test-method> <!-- testSetEmail -->
        <test-method signature="testGetEmail(homework.ch11_13.p3.Faculty, java.lang.String)[pri:0, instance:homework.ch11_13.FacultyTest@1d371b2d]" started-at="2020-03-21T23:02:49Z" name="testGetEmail" data-provider="facultyDataProvider" finished-at="2020-03-21T23:02:49Z" duration-ms="0" status="PASS">
          <params>
            <param index="0">
              <value>
                <![CDATA[name: aaa, age: 20, facultyId: 1998000111, title: Professor, email: abc@qq.com]]>
              </value>
            </param>
            <param index="1">
              <value>
                <![CDATA[abc@qq.com]]>
              </value>
            </param>
          </params>
          <reporter-output>
          </reporter-output>
        </test-method> <!-- testGetEmail -->
        <test-method signature="testTestToString(homework.ch11_13.p3.Faculty, [Ljava.lang.Object;)[pri:0, instance:homework.ch11_13.FacultyTest@1d371b2d]" started-at="2020-03-21T23:02:49Z" name="testTestToString" data-provider="facultyDataProvider" finished-at="2020-03-21T23:02:49Z" duration-ms="2" status="PASS">
          <params>
            <param index="0">
              <value>
                <![CDATA[name: aaa, age: 20, facultyId: 1998000111, title: Professor, email: abc@qq.com]]>
              </value>
            </param>
            <param index="1">
              <value>
                <![CDATA[[Ljava.lang.Object;@1d548a08]]>
              </value>
            </param>
          </params>
          <reporter-output>
          </reporter-output>
        </test-method> <!-- testTestToString -->
        <test-method signature="testTestEquals([Lhomework.ch11_13.p3.Faculty;, boolean)[pri:0, instance:homework.ch11_13.FacultyTest@1d371b2d]" started-at="2020-03-21T23:02:49Z" name="testTestEquals" data-provider="facultyDataProvider" finished-at="2020-03-21T23:02:49Z" duration-ms="1" status="PASS">
          <params>
            <param index="0">
              <value>
                <![CDATA[[Lhomework.ch11_13.p3.Faculty;@3c87521]]>
              </value>
            </param>
            <param index="1">
              <value>
                <![CDATA[true]]>
              </value>
            </param>
          </params>
          <reporter-output>
          </reporter-output>
        </test-method> <!-- testTestEquals -->
        <test-method signature="testTestEquals([Lhomework.ch11_13.p3.Faculty;, boolean)[pri:0, instance:homework.ch11_13.FacultyTest@1d371b2d]" started-at="2020-03-21T23:02:49Z" name="testTestEquals" data-provider="facultyDataProvider" finished-at="2020-03-21T23:02:49Z" duration-ms="0" status="PASS">
          <params>
            <param index="0">
              <value>
                <![CDATA[[Lhomework.ch11_13.p3.Faculty;@2aece37d]]>
              </value>
            </param>
            <param index="1">
              <value>
                <![CDATA[false]]>
              </value>
            </param>
          </params>
          <reporter-output>
          </reporter-output>
        </test-method> <!-- testTestEquals -->
        <test-method signature="testTestEquals([Lhomework.ch11_13.p3.Faculty;, boolean)[pri:0, instance:homework.ch11_13.FacultyTest@1d371b2d]" started-at="2020-03-21T23:02:49Z" name="testTestEquals" data-provider="facultyDataProvider" finished-at="2020-03-21T23:02:49Z" duration-ms="0" status="PASS">
          <params>
            <param index="0">
              <value>
                <![CDATA[[Lhomework.ch11_13.p3.Faculty;@5762806e]]>
              </value>
            </param>
            <param index="1">
              <value>
                <![CDATA[false]]>
              </value>
            </param>
          </params>
          <reporter-output>
          </reporter-output>
        </test-method> <!-- testTestEquals -->
        <test-method signature="testTestEquals([Lhomework.ch11_13.p3.Faculty;, boolean)[pri:0, instance:homework.ch11_13.FacultyTest@1d371b2d]" started-at="2020-03-21T23:02:49Z" name="testTestEquals" data-provider="facultyDataProvider" finished-at="2020-03-21T23:02:49Z" duration-ms="0" status="PASS">
          <params>
            <param index="0">
              <value>
                <![CDATA[[Lhomework.ch11_13.p3.Faculty;@17c386de]]>
              </value>
            </param>
            <param index="1">
              <value>
                <![CDATA[false]]>
              </value>
            </param>
          </params>
          <reporter-output>
          </reporter-output>
        </test-method> <!-- testTestEquals -->
        <test-method signature="testTestEquals([Lhomework.ch11_13.p3.Faculty;, boolean)[pri:0, instance:homework.ch11_13.FacultyTest@1d371b2d]" started-at="2020-03-21T23:02:49Z" name="testTestEquals" data-provider="facultyDataProvider" finished-at="2020-03-21T23:02:49Z" duration-ms="0" status="PASS">
          <params>
            <param index="0">
              <value>
                <![CDATA[[Lhomework.ch11_13.p3.Faculty;@548a102f]]>
              </value>
            </param>
            <param index="1">
              <value>
                <![CDATA[true]]>
              </value>
            </param>
          </params>
          <reporter-output>
          </reporter-output>
        </test-method> <!-- testTestEquals -->
        <test-method signature="testTestClone(homework.ch11_13.p3.Faculty, java.lang.Object)[pri:0, instance:homework.ch11_13.FacultyTest@1d371b2d]" started-at="2020-03-21T23:02:49Z" name="testTestClone" data-provider="facultyDataProvider" finished-at="2020-03-21T23:02:49Z" duration-ms="0" status="PASS">
          <params>
            <param index="0">
              <value>
                <![CDATA[name: aaa, age: 20, facultyId: 1998000111, title: Professor, email: abc@qq.com]]>
              </value>
            </param>
            <param index="1">
              <value is-null="true"/>
            </param>
          </params>
          <reporter-output>
          </reporter-output>
        </test-method> <!-- testTestClone -->
        <test-method signature="testTestEquals([Lhomework.ch11_13.p3.Faculty;, boolean)[pri:0, instance:homework.ch11_13.FacultyTest@1d371b2d]" started-at="2020-03-21T23:02:49Z" name="testTestEquals" data-provider="facultyDataProvider" finished-at="2020-03-21T23:02:49Z" duration-ms="0" status="PASS">
          <params>
            <param index="0">
              <value>
                <![CDATA[[Lhomework.ch11_13.p3.Faculty;@5ef60048]]>
              </value>
            </param>
            <param index="1">
              <value>
                <![CDATA[false]]>
              </value>
            </param>
          </params>
          <reporter-output>
          </reporter-output>
        </test-method> <!-- testTestEquals -->
        <test-method signature="testTestEquals([Lhomework.ch11_13.p3.Faculty;, boolean)[pri:0, instance:homework.ch11_13.FacultyTest@1d371b2d]" started-at="2020-03-21T23:02:49Z" name="testTestEquals" data-provider="facultyDataProvider" finished-at="2020-03-21T23:02:49Z" duration-ms="0" status="PASS">
          <params>
            <param index="0">
              <value>
                <![CDATA[[Lhomework.ch11_13.p3.Faculty;@5af97850]]>
              </value>
            </param>
            <param index="1">
              <value>
                <![CDATA[false]]>
              </value>
            </param>
          </params>
          <reporter-output>
          </reporter-output>
        </test-method> <!-- testTestEquals -->
      </class> <!-- homework.ch11_13.FacultyTest -->
    </test> <!-- D:/IdeaWorkspace/TestNGDemo/test/homework/ch11_13/FacultyTest.java -->
    <test started-at="2020-03-21T23:02:49Z" name="D:/IdeaWorkspace/TestNGDemo/test/homework/ch11_13/CourseTest.java" finished-at="2020-03-21T23:02:49Z" duration-ms="10">
      <class name="homework.ch11_13.CourseTest">
        <test-method signature="testRegister(homework.ch11_13.p3.Course, [Lhomework.ch11_13.p3.Person;)[pri:0, instance:homework.ch11_13.CourseTest@12c8a2c0]" started-at="2020-03-21T23:02:49Z" name="testRegister" data-provider="courseDataProvider" finished-at="2020-03-21T23:02:49Z" duration-ms="0" status="PASS">
          <params>
            <param index="0">
              <value>
                <![CDATA[Course Name: Java Language Programming
Teacher Info: name: James Gosling, age: 65, facultyId: 0, title: Professor, email: http://nighthacks.com/jag/bio/index.html
Student List:
Totally: 0 students.
]]>
              </value>
            </param>
            <param index="1">
              <value>
                <![CDATA[[Lhomework.ch11_13.p3.Person;@23282c25]]>
              </value>
            </param>
          </params>
          <reporter-output>
          </reporter-output>
        </test-method> <!-- testRegister -->
        <test-method signature="testGetStudents(homework.ch11_13.p3.Course, [Lhomework.ch11_13.p3.Person;)[pri:0, instance:homework.ch11_13.CourseTest@12c8a2c0]" started-at="2020-03-21T23:02:49Z" name="testGetStudents" data-provider="courseDataProvider" finished-at="2020-03-21T23:02:49Z" duration-ms="0" status="PASS">
          <params>
            <param index="0">
              <value>
                <![CDATA[Course Name: Java Language Programming
Teacher Info: name: James Gosling, age: 65, facultyId: 0, title: Professor, email: http://nighthacks.com/jag/bio/index.html
Student List:
name: aaa, age: 20, studentId: 20170101, department: CS, classNo: CS1704
name: bbb, age: 20, studentId: 20170102, department: CS, classNo: CS1705
name: ccc, age: 20, studentId: 20170103, department: CS, classNo: CS1706
Totally: 3 students.
]]>
              </value>
            </param>
            <param index="1">
              <value>
                <![CDATA[[Lhomework.ch11_13.p3.Person;@1a84f40f]]>
              </value>
            </param>
          </params>
          <reporter-output>
          </reporter-output>
        </test-method> <!-- testGetStudents -->
        <test-method signature="testGetTeacher(homework.ch11_13.p3.Course, homework.ch11_13.p3.Person)[pri:0, instance:homework.ch11_13.CourseTest@12c8a2c0]" started-at="2020-03-21T23:02:49Z" name="testGetTeacher" data-provider="courseDataProvider" finished-at="2020-03-21T23:02:49Z" duration-ms="0" status="PASS">
          <params>
            <param index="0">
              <value>
                <![CDATA[Course Name: Java Language Programming
Teacher Info: name: James Gosling, age: 65, facultyId: 0, title: Professor, email: http://nighthacks.com/jag/bio/index.html
Student List:
Totally: 0 students.
]]>
              </value>
            </param>
            <param index="1">
              <value>
                <![CDATA[name: James Gosling, age: 65, facultyId: 0, title: Professor, email: http://nighthacks.com/jag/bio/index.html]]>
              </value>
            </param>
          </params>
          <reporter-output>
          </reporter-output>
        </test-method> <!-- testGetTeacher -->
        <test-method signature="testGetCourseName(homework.ch11_13.p3.Course, java.lang.String)[pri:0, instance:homework.ch11_13.CourseTest@12c8a2c0]" started-at="2020-03-21T23:02:49Z" name="testGetCourseName" data-provider="courseDataProvider" finished-at="2020-03-21T23:02:49Z" duration-ms="0" status="PASS">
          <params>
            <param index="0">
              <value>
                <![CDATA[Course Name: Java Language Programming
Teacher Info: name: James Gosling, age: 65, facultyId: 0, title: Professor, email: http://nighthacks.com/jag/bio/index.html
Student List:
Totally: 0 students.
]]>
              </value>
            </param>
            <param index="1">
              <value>
                <![CDATA[Java Language Programming]]>
              </value>
            </param>
          </params>
          <reporter-output>
          </reporter-output>
        </test-method> <!-- testGetCourseName -->
        <test-method signature="testGetNumberOfStudent(homework.ch11_13.p3.Course, int)[pri:0, instance:homework.ch11_13.CourseTest@12c8a2c0]" started-at="2020-03-21T23:02:49Z" name="testGetNumberOfStudent" data-provider="courseDataProvider" finished-at="2020-03-21T23:02:49Z" duration-ms="0" status="PASS">
          <params>
            <param index="0">
              <value>
                <![CDATA[Course Name: Java Language Programming
Teacher Info: name: James Gosling, age: 65, facultyId: 0, title: Professor, email: http://nighthacks.com/jag/bio/index.html
Student List:
name: aaa, age: 20, studentId: 20170101, department: CS, classNo: CS1704
name: bbb, age: 20, studentId: 20170102, department: CS, classNo: CS1705
name: ccc, age: 20, studentId: 20170103, department: CS, classNo: CS1706
Totally: 3 students.
]]>
              </value>
            </param>
            <param index="1">
              <value>
                <![CDATA[3]]>
              </value>
            </param>
          </params>
          <reporter-output>
          </reporter-output>
        </test-method> <!-- testGetNumberOfStudent -->
        <test-method signature="testUnregister(homework.ch11_13.p3.Course, [Lhomework.ch11_13.p3.Person;)[pri:0, instance:homework.ch11_13.CourseTest@12c8a2c0]" started-at="2020-03-21T23:02:49Z" name="testUnregister" data-provider="courseDataProvider" finished-at="2020-03-21T23:02:49Z" duration-ms="0" status="PASS">
          <params>
            <param index="0">
              <value>
                <![CDATA[Course Name: Java Language Programming
Teacher Info: name: James Gosling, age: 65, facultyId: 0, title: Professor, email: http://nighthacks.com/jag/bio/index.html
Student List:
name: aaa, age: 20, studentId: 20170101, department: CS, classNo: CS1704
name: bbb, age: 20, studentId: 20170102, department: CS, classNo: CS1705
name: ccc, age: 20, studentId: 20170103, department: CS, classNo: CS1706
Totally: 3 students.
]]>
              </value>
            </param>
            <param index="1">
              <value>
                <![CDATA[[Lhomework.ch11_13.p3.Person;@3b938003]]>
              </value>
            </param>
          </params>
          <reporter-output>
          </reporter-output>
        </test-method> <!-- testUnregister -->
        <test-method signature="testTestClone(homework.ch11_13.p3.Course, java.lang.Object)[pri:0, instance:homework.ch11_13.CourseTest@12c8a2c0]" started-at="2020-03-21T23:02:49Z" name="testTestClone" data-provider="courseDataProvider" finished-at="2020-03-21T23:02:49Z" duration-ms="1" status="PASS">
          <params>
            <param index="0">
              <value>
                <![CDATA[Course Name: Java Language Programming
Teacher Info: name: James Gosling, age: 65, facultyId: 0, title: Professor, email: http://nighthacks.com/jag/bio/index.html
Student List:
name: aaa, age: 20, studentId: 20170101, department: CS, classNo: CS1704
name: bbb, age: 20, studentId: 20170102, department: CS, classNo: CS1705
name: ccc, age: 20, studentId: 20170103, department: CS, classNo: CS1706
Totally: 3 students.
]]>
              </value>
            </param>
            <param index="1">
              <value is-null="true"/>
            </param>
          </params>
          <reporter-output>
          </reporter-output>
        </test-method> <!-- testTestClone -->
        <test-method signature="testTestToString(homework.ch11_13.p3.Course, [Ljava.lang.String;)[pri:0, instance:homework.ch11_13.CourseTest@12c8a2c0]" started-at="2020-03-21T23:02:49Z" name="testTestToString" data-provider="courseDataProvider" finished-at="2020-03-21T23:02:49Z" duration-ms="0" status="PASS">
          <params>
            <param index="0">
              <value>
                <![CDATA[Course Name: C++ Language Programming
Teacher Info: name: T1, age: 40, facultyId: 1, title: Professor, email: 123@qq.com
Student List:
name: ccc, age: 21, studentId: 20170103, department: CS1, classNo: CS1705
name: ddd, age: 22, studentId: 20170104, department: CS2, classNo: CS1706
Totally: 2 students.
]]>
              </value>
            </param>
            <param index="1">
              <value>
                <![CDATA[[Ljava.lang.String;@55a561cf]]>
              </value>
            </param>
          </params>
          <reporter-output>
          </reporter-output>
        </test-method> <!-- testTestToString -->
        <test-method signature="testTestEquals([Lhomework.ch11_13.p3.Course;, boolean)[pri:0, instance:homework.ch11_13.CourseTest@12c8a2c0]" started-at="2020-03-21T23:02:49Z" name="testTestEquals" data-provider="courseDataProvider" finished-at="2020-03-21T23:02:49Z" duration-ms="1" status="PASS">
          <params>
            <param index="0">
              <value>
                <![CDATA[[Lhomework.ch11_13.p3.Course;@5906ebcb]]>
              </value>
            </param>
            <param index="1">
              <value>
                <![CDATA[false]]>
              </value>
            </param>
          </params>
          <reporter-output>
          </reporter-output>
        </test-method> <!-- testTestEquals -->
        <test-method signature="testTestEquals([Lhomework.ch11_13.p3.Course;, boolean)[pri:0, instance:homework.ch11_13.CourseTest@12c8a2c0]" started-at="2020-03-21T23:02:49Z" name="testTestEquals" data-provider="courseDataProvider" finished-at="2020-03-21T23:02:49Z" duration-ms="0" status="PASS">
          <params>
            <param index="0">
              <value>
                <![CDATA[[Lhomework.ch11_13.p3.Course;@6b419da]]>
              </value>
            </param>
            <param index="1">
              <value>
                <![CDATA[false]]>
              </value>
            </param>
          </params>
          <reporter-output>
          </reporter-output>
        </test-method> <!-- testTestEquals -->
        <test-method signature="testTestEquals([Lhomework.ch11_13.p3.Course;, boolean)[pri:0, instance:homework.ch11_13.CourseTest@12c8a2c0]" started-at="2020-03-21T23:02:49Z" name="testTestEquals" data-provider="courseDataProvider" finished-at="2020-03-21T23:02:49Z" duration-ms="0" status="PASS">
          <params>
            <param index="0">
              <value>
                <![CDATA[[Lhomework.ch11_13.p3.Course;@7920ba90]]>
              </value>
            </param>
            <param index="1">
              <value>
                <![CDATA[true]]>
              </value>
            </param>
          </params>
          <reporter-output>
          </reporter-output>
        </test-method> <!-- testTestEquals -->
        <test-method signature="testTestEquals([Lhomework.ch11_13.p3.Course;, boolean)[pri:0, instance:homework.ch11_13.CourseTest@12c8a2c0]" started-at="2020-03-21T23:02:49Z" name="testTestEquals" data-provider="courseDataProvider" finished-at="2020-03-21T23:02:49Z" duration-ms="0" status="PASS">
          <params>
            <param index="0">
              <value>
                <![CDATA[[Lhomework.ch11_13.p3.Course;@3b2da18f]]>
              </value>
            </param>
            <param index="1">
              <value>
                <![CDATA[true]]>
              </value>
            </param>
          </params>
          <reporter-output>
          </reporter-output>
        </test-method> <!-- testTestEquals -->
        <test-method signature="testTestEquals([Lhomework.ch11_13.p3.Course;, boolean)[pri:0, instance:homework.ch11_13.CourseTest@12c8a2c0]" started-at="2020-03-21T23:02:49Z" name="testTestEquals" data-provider="courseDataProvider" finished-at="2020-03-21T23:02:49Z" duration-ms="0" status="PASS">
          <params>
            <param index="0">
              <value>
                <![CDATA[[Lhomework.ch11_13.p3.Course;@258e2e41]]>
              </value>
            </param>
            <param index="1">
              <value>
                <![CDATA[false]]>
              </value>
            </param>
          </params>
          <reporter-output>
          </reporter-output>
        </test-method> <!-- testTestEquals -->
        <test-method signature="testTestEquals([Lhomework.ch11_13.p3.Course;, boolean)[pri:0, instance:homework.ch11_13.CourseTest@12c8a2c0]" started-at="2020-03-21T23:02:49Z" name="testTestEquals" data-provider="courseDataProvider" finished-at="2020-03-21T23:02:49Z" duration-ms="0" status="PASS">
          <params>
            <param index="0">
              <value>
                <![CDATA[[Lhomework.ch11_13.p3.Course;@3d299e3]]>
              </value>
            </param>
            <param index="1">
              <value>
                <![CDATA[false]]>
              </value>
            </param>
          </params>
          <reporter-output>
          </reporter-output>
        </test-method> <!-- testTestEquals -->
      </class> <!-- homework.ch11_13.CourseTest -->
    </test> <!-- D:/IdeaWorkspace/TestNGDemo/test/homework/ch11_13/CourseTest.java -->
  </suite> <!-- All Test Suite (0) -->
</testng-results>
